<?xml version="1.0" encoding="UTF-8"?>
<testsuite xmlns:xsi="http://www.w3.org/2001/XMLSchema-instance" xsi:noNamespaceSchemaLocation="https://maven.apache.org/surefire/maven-surefire-plugin/xsd/surefire-test-report.xsd" name="com.example.ArcherTest" time="0.043" tests="5" errors="0" skipped="0" failures="0">
  <properties>
[...]
</properties>
  <testcase name="testEquipWeapon_invalid_weaponType_archer" classname="com.example.ArcherTest" time="0.028"/>
  <testcase name="testCreate_archer" classname="com.example.ArcherTest" time="0"/>
  <testcase name="testEquipArmor_archer" classname="com.example.ArcherTest" time="0.001"/>
  <testcase name="testLevelUp_archer" classname="com.example.ArcherTest" time="0.001"/>
  <testcase name="testEquipArmor_invalidArmorType_invalidArmorSlots_archer" classname="com.example.ArcherTest" time="0.001"/>
</testsuite>